C:\Program Files (x86)\Microsoft Visual Studio\2019\Enterprise\MSBuild\Microsoft\VC\v160\Microsoft.CppBuild.targets(513,5): warning MSB8028: The intermediate directory (C:\cursuri\ModernC++\Biblioteca\Biblioteca\build\obj\Release\x64\) contains files shared from another project (Server.vcxproj).  This can lead to incorrect clean and rebuild behavior.
  Author.cpp
  Book.cpp
  client.cpp
  Library.cpp
  Main.cpp
  User.cpp
C:\cursuri\ModernC++\Biblioteca\Biblioteca\Biblioteca\User.cpp(263,27): warning C4129: '.': unrecognized character escape sequence
C:\cursuri\ModernC++\Biblioteca\Biblioteca\Biblioteca\User.cpp(269,27): warning C4129: '.': unrecognized character escape sequence
  Generating code
  Previous IPDB not found, fall back to full compilation.
  All 1479 functions were compiled because no usable IPDB/IOBJ from previous compilation was found.
  Finished generating code
  Biblioteca.vcxproj -> C:\cursuri\ModernC++\Biblioteca\Biblioteca\build\bin\Release\x64\Biblioteca.exe
  C:\cursuri\ModernC++\Biblioteca\Biblioteca\ThirdParty\bin\x64\openal32.dll
  C:\cursuri\ModernC++\Biblioteca\Biblioteca\ThirdParty\bin\x64\sfml-audio-2.dll
  C:\cursuri\ModernC++\Biblioteca\Biblioteca\ThirdParty\bin\x64\sfml-audio-d-2.dll
  C:\cursuri\ModernC++\Biblioteca\Biblioteca\ThirdParty\bin\x64\sfml-graphics-2.dll
  C:\cursuri\ModernC++\Biblioteca\Biblioteca\ThirdParty\bin\x64\sfml-graphics-d-2.dll
  C:\cursuri\ModernC++\Biblioteca\Biblioteca\ThirdParty\bin\x64\sfml-network-2.dll
  C:\cursuri\ModernC++\Biblioteca\Biblioteca\ThirdParty\bin\x64\sfml-network-d-2.dll
  C:\cursuri\ModernC++\Biblioteca\Biblioteca\ThirdParty\bin\x64\sfml-system-2.dll
  C:\cursuri\ModernC++\Biblioteca\Biblioteca\ThirdParty\bin\x64\sfml-system-d-2.dll
  C:\cursuri\ModernC++\Biblioteca\Biblioteca\ThirdParty\bin\x64\sfml-window-2.dll
  C:\cursuri\ModernC++\Biblioteca\Biblioteca\ThirdParty\bin\x64\sfml-window-d-2.dll
  11 File(s) copied
