c:\cursuri\modernc++\biblioteca\biblioteca\build\obj\debug\x64\vc142.pdb
c:\cursuri\modernc++\biblioteca\biblioteca\build\obj\debug\x64\vc142.idb
c:\cursuri\modernc++\biblioteca\biblioteca\build\obj\debug\x64\state.obj
c:\cursuri\modernc++\biblioteca\biblioteca\build\obj\debug\x64\main.obj
c:\cursuri\modernc++\biblioteca\biblioteca\build\obj\debug\x64\loginstate.obj
c:\cursuri\modernc++\biblioteca\biblioteca\build\obj\debug\x64\librarystate.obj
c:\cursuri\modernc++\biblioteca\biblioteca\build\obj\debug\x64\library.obj
c:\cursuri\modernc++\biblioteca\biblioteca\build\obj\debug\x64\button.obj
c:\cursuri\modernc++\biblioteca\biblioteca\build\obj\debug\x64\book.obj
c:\cursuri\modernc++\biblioteca\biblioteca\build\obj\debug\x64\author.obj
c:\cursuri\modernc++\biblioteca\biblioteca\build\obj\debug\x64\textbox.obj
c:\cursuri\modernc++\biblioteca\biblioteca\build\bin\debug\x64\biblioteca.exe
c:\cursuri\modernc++\biblioteca\biblioteca\build\obj\debug\x64\biblioteca.ilk
c:\cursuri\modernc++\biblioteca\biblioteca\build\bin\debug\x64\biblioteca.pdb
c:\cursuri\modernc++\biblioteca\biblioteca\build\obj\debug\x64\server.obj
c:\cursuri\modernc++\biblioteca\biblioteca\build\obj\debug\x64\servermain.obj
c:\cursuri\modernc++\biblioteca\biblioteca\build\obj\debug\x64\server.ilk
c:\cursuri\modernc++\biblioteca\biblioteca\build\obj\debug\x64\biblioteca.tlog\cl.command.1.tlog
c:\cursuri\modernc++\biblioteca\biblioteca\build\obj\debug\x64\biblioteca.tlog\cl.read.1.tlog
c:\cursuri\modernc++\biblioteca\biblioteca\build\obj\debug\x64\biblioteca.tlog\cl.write.1.tlog
c:\cursuri\modernc++\biblioteca\biblioteca\build\obj\debug\x64\biblioteca.tlog\link.command.1.tlog
c:\cursuri\modernc++\biblioteca\biblioteca\build\obj\debug\x64\biblioteca.tlog\link.read.1.tlog
c:\cursuri\modernc++\biblioteca\biblioteca\build\obj\debug\x64\biblioteca.tlog\link.write.1.tlog
