c:\cursuri\modernc++\biblioteca\biblioteca\build\obj\debug\x64\vc142.pdb
c:\cursuri\modernc++\biblioteca\biblioteca\build\obj\debug\x64\vc142.idb
c:\cursuri\modernc++\biblioteca\biblioteca\build\obj\debug\x64\servermain.obj
c:\cursuri\modernc++\biblioteca\biblioteca\build\obj\debug\x64\logs.obj
c:\cursuri\modernc++\biblioteca\biblioteca\build\obj\debug\x64\sqlite3.obj
c:\cursuri\modernc++\biblioteca\biblioteca\build\obj\debug\x64\server.obj
c:\cursuri\modernc++\biblioteca\biblioteca\build\obj\debug\x64\database.obj
c:\cursuri\modernc++\biblioteca\biblioteca\build\obj\debug\x64\user.obj
c:\cursuri\modernc++\biblioteca\biblioteca\build\obj\debug\x64\book.obj
c:\cursuri\modernc++\biblioteca\biblioteca\build\obj\debug\x64\author.obj
c:\cursuri\modernc++\biblioteca\biblioteca\build\bin\debug\x64\server.exe
c:\cursuri\modernc++\biblioteca\biblioteca\build\obj\debug\x64\server.ilk
c:\cursuri\modernc++\biblioteca\biblioteca\build\bin\debug\x64\server.pdb
c:\cursuri\modernc++\biblioteca\biblioteca\build\bin\debug\x64\server.lib
c:\cursuri\modernc++\biblioteca\biblioteca\build\bin\debug\x64\server.exp
c:\cursuri\modernc++\biblioteca\biblioteca\build\obj\debug\x64\button.obj
c:\cursuri\modernc++\biblioteca\biblioteca\build\obj\debug\x64\client.obj
c:\cursuri\modernc++\biblioteca\biblioteca\build\obj\debug\x64\library.obj
c:\cursuri\modernc++\biblioteca\biblioteca\build\obj\debug\x64\librarystate.obj
c:\cursuri\modernc++\biblioteca\biblioteca\build\obj\debug\x64\loginstate.obj
c:\cursuri\modernc++\biblioteca\biblioteca\build\obj\debug\x64\main.obj
c:\cursuri\modernc++\biblioteca\biblioteca\build\obj\debug\x64\state.obj
c:\cursuri\modernc++\biblioteca\biblioteca\build\obj\debug\x64\textbox.obj
c:\cursuri\modernc++\biblioteca\biblioteca\build\obj\debug\x64\biblioteca.ilk
c:\cursuri\modernc++\biblioteca\biblioteca\build\obj\debug\x64\server.tlog\cl.command.1.tlog
c:\cursuri\modernc++\biblioteca\biblioteca\build\obj\debug\x64\server.tlog\cl.read.1.tlog
c:\cursuri\modernc++\biblioteca\biblioteca\build\obj\debug\x64\server.tlog\cl.write.1.tlog
c:\cursuri\modernc++\biblioteca\biblioteca\build\obj\debug\x64\server.tlog\link.command.1.tlog
c:\cursuri\modernc++\biblioteca\biblioteca\build\obj\debug\x64\server.tlog\link.read.1.tlog
c:\cursuri\modernc++\biblioteca\biblioteca\build\obj\debug\x64\server.tlog\link.write.1.tlog
c:\cursuri\modernc++\biblioteca\biblioteca\build\obj\debug\x64\server.tlog\server.write.1u.tlog
